[00:43:13] [main/INFO]: Environment: authHost='https://authserver.mojang.com', accountsHost='https://api.mojang.com', sessionHost='https://sessionserver.mojang.com', servicesHost='https://api.minecraftservices.com', name='PROD'
[00:43:14] [main/WARN]: Ambiguity between arguments [teleport, destination] and [teleport, targets] with inputs: [Player, 0123, @e, dd12be42-52a9-4a91-a8a1-11c01849e498]
[00:43:14] [main/WARN]: Ambiguity between arguments [teleport, location] and [teleport, destination] with inputs: [0.1 -0.5 .9, 0 0 0]
[00:43:14] [main/WARN]: Ambiguity between arguments [teleport, location] and [teleport, targets] with inputs: [0.1 -0.5 .9, 0 0 0]
[00:43:14] [main/WARN]: Ambiguity between arguments [teleport, targets] and [teleport, destination] with inputs: [Player, 0123, dd12be42-52a9-4a91-a8a1-11c01849e498]
[00:43:14] [main/WARN]: Ambiguity between arguments [teleport, targets, location] and [teleport, targets, destination] with inputs: [0.1 -0.5 .9, 0 0 0]
[00:43:14] [main/INFO]: Reloading ResourceManager: Default
[00:43:16] [Worker-Main-6/INFO]: Loaded 7 recipes
[00:43:19] [Worker-Main-6/INFO]: Loaded 927 advancements
[00:43:21] [Server thread/INFO]: Starting minecraft server version 1.16.5
[00:43:21] [Server thread/INFO]: Loading properties
[00:43:21] [Server thread/INFO]: Default game type: SURVIVAL
[00:43:21] [Server thread/INFO]: Generating keypair
[00:43:21] [Server thread/INFO]: Starting Minecraft server on *:25565
[00:43:21] [Server thread/INFO]: Using default channel type
[00:43:22] [Server thread/INFO]: Preparing level "world"
[00:43:22] [Server thread/INFO]: Preparing start region for dimension minecraft:overworld
[00:43:25] [Server thread/INFO]: Preparing spawn area: 0%
[00:43:25] [Server thread/INFO]: Preparing spawn area: 0%
[00:43:25] [Server thread/INFO]: Preparing spawn area: 0%
[00:43:25] [Server thread/INFO]: Preparing spawn area: 0%
[00:43:25] [Server thread/INFO]: Preparing spawn area: 0%
[00:43:25] [Server thread/INFO]: Preparing spawn area: 0%
[00:43:25] [Server thread/INFO]: Preparing spawn area: 0%
[00:43:25] [Worker-Main-9/INFO]: Preparing spawn area: 0%
[00:43:26] [Server thread/INFO]: Preparing spawn area: 0%
[00:43:27] [Worker-Main-10/INFO]: Preparing spawn area: 83%
[00:43:32] [Worker-Main-8/INFO]: Preparing spawn area: 99%
[00:43:32] [Worker-Main-8/INFO]: Preparing spawn area: 99%
[00:43:32] [Worker-Main-8/INFO]: Preparing spawn area: 99%
[00:43:32] [Server thread/INFO]: Preparing spawn area: 99%
[00:43:32] [Server thread/INFO]: Preparing spawn area: 99%
[00:43:32] [Server thread/INFO]: Preparing spawn area: 99%
[00:43:32] [Worker-Main-10/INFO]: Preparing spawn area: 99%
[00:43:32] [Server thread/INFO]: Preparing spawn area: 99%
[00:43:32] [Worker-Main-10/INFO]: Preparing spawn area: 99%
[00:43:32] [Worker-Main-10/INFO]: Preparing spawn area: 99%
[00:43:32] [Server thread/INFO]: Preparing spawn area: 99%
[00:43:32] [Worker-Main-10/INFO]: Preparing spawn area: 99%
[00:43:33] [Worker-Main-6/INFO]: Preparing spawn area: 99%
[00:43:34] [Server thread/INFO]: Preparing spawn area: 99%
[00:43:34] [Server thread/INFO]: Time elapsed: 11880 ms
[00:43:34] [Server thread/INFO]: Done (12.164s)! For help, type "help"
[00:44:14] [Server thread/INFO]: Stopping the server
[00:44:14] [Server thread/INFO]: Stopping server
[00:44:14] [Server thread/INFO]: Saving players
[00:44:14] [Server thread/INFO]: Saving worlds
[00:44:14] [Server thread/INFO]: Saving chunks for level 'ServerLevel[world]'/minecraft:overworld
[00:44:16] [Server thread/INFO]: ThreadedAnvilChunkStorage (world): All chunks are saved
[00:44:16] [Server thread/INFO]: Saving chunks for level 'ServerLevel[world]'/minecraft:the_nether
[00:44:16] [Server thread/INFO]: ThreadedAnvilChunkStorage (DIM-1): All chunks are saved
[00:44:16] [Server thread/INFO]: Saving chunks for level 'ServerLevel[world]'/minecraft:the_end
[00:44:16] [Server thread/INFO]: ThreadedAnvilChunkStorage (DIM1): All chunks are saved
[00:44:16] [Server thread/INFO]: ThreadedAnvilChunkStorage (world): All chunks are saved
[00:44:16] [Server thread/INFO]: ThreadedAnvilChunkStorage (DIM-1): All chunks are saved
[00:44:16] [Server thread/INFO]: ThreadedAnvilChunkStorage (DIM1): All chunks are saved
