[00:39:48] [main/INFO]: Environment: authHost='https://authserver.mojang.com', accountsHost='https://api.mojang.com', sessionHost='https://sessionserver.mojang.com', servicesHost='https://api.minecraftservices.com', name='PROD'
[00:39:50] [main/WARN]: Ambiguity between arguments [teleport, destination] and [teleport, targets] with inputs: [Player, 0123, @e, dd12be42-52a9-4a91-a8a1-11c01849e498]
[00:39:50] [main/WARN]: Ambiguity between arguments [teleport, location] and [teleport, destination] with inputs: [0.1 -0.5 .9, 0 0 0]
[00:39:50] [main/WARN]: Ambiguity between arguments [teleport, location] and [teleport, targets] with inputs: [0.1 -0.5 .9, 0 0 0]
[00:39:50] [main/WARN]: Ambiguity between arguments [teleport, targets] and [teleport, destination] with inputs: [Player, 0123, dd12be42-52a9-4a91-a8a1-11c01849e498]
[00:39:50] [main/WARN]: Ambiguity between arguments [teleport, targets, location] and [teleport, targets, destination] with inputs: [0.1 -0.5 .9, 0 0 0]
[00:39:50] [main/INFO]: Reloading ResourceManager: Default
[00:39:55] [Worker-Main-8/INFO]: Loaded 7 recipes
[00:39:58] [Worker-Main-8/INFO]: Loaded 927 advancements
[00:40:04] [Server thread/INFO]: Starting minecraft server version 1.16.5
[00:40:04] [Server thread/INFO]: Loading properties
[00:40:04] [Server thread/INFO]: Default game type: SURVIVAL
[00:40:04] [Server thread/INFO]: Generating keypair
[00:40:05] [Server thread/INFO]: Starting Minecraft server on *:25575
[00:40:05] [Server thread/INFO]: Using default channel type
[00:40:11] [Server thread/INFO]: Preparing level "world"
[00:40:12] [Server thread/INFO]: Preparing start region for dimension minecraft:overworld
[00:40:15] [Server thread/INFO]: Preparing spawn area: 0%
[00:40:15] [Server thread/INFO]: Preparing spawn area: 0%
[00:40:15] [Server thread/INFO]: Preparing spawn area: 0%
[00:40:15] [Server thread/INFO]: Preparing spawn area: 0%
[00:40:15] [Server thread/INFO]: Preparing spawn area: 0%
[00:40:15] [Server thread/INFO]: Preparing spawn area: 0%
[00:40:15] [Server thread/INFO]: Preparing spawn area: 0%
[00:40:26] [Worker-Main-8/INFO]: Preparing spawn area: 83%
[00:40:26] [Worker-Main-7/INFO]: Preparing spawn area: 83%
[00:40:26] [Worker-Main-10/INFO]: Preparing spawn area: 83%
[00:40:26] [Worker-Main-10/INFO]: Preparing spawn area: 83%
[00:40:26] [Worker-Main-10/INFO]: Preparing spawn area: 83%
[00:40:26] [Worker-Main-10/INFO]: Preparing spawn area: 83%
[00:40:26] [Worker-Main-10/INFO]: Preparing spawn area: 83%
[00:40:26] [Worker-Main-9/INFO]: Preparing spawn area: 83%
[00:40:26] [Worker-Main-9/INFO]: Preparing spawn area: 83%
[00:40:26] [Worker-Main-9/INFO]: Preparing spawn area: 83%
[00:40:26] [Worker-Main-9/INFO]: Preparing spawn area: 83%
[00:40:26] [Worker-Main-9/INFO]: Preparing spawn area: 83%
[00:40:26] [Worker-Main-9/INFO]: Preparing spawn area: 83%
[00:40:26] [Worker-Main-9/INFO]: Preparing spawn area: 83%
[00:40:26] [Worker-Main-9/INFO]: Preparing spawn area: 83%
[00:40:26] [Worker-Main-9/INFO]: Preparing spawn area: 83%
[00:40:26] [Worker-Main-9/INFO]: Preparing spawn area: 83%
[00:40:26] [Worker-Main-9/INFO]: Preparing spawn area: 83%
[00:40:26] [Worker-Main-9/INFO]: Preparing spawn area: 83%
[00:40:26] [Worker-Main-9/INFO]: Preparing spawn area: 83%
[00:40:26] [Worker-Main-9/INFO]: Preparing spawn area: 83%
[00:40:26] [Worker-Main-8/INFO]: Preparing spawn area: 91%
[00:40:27] [Worker-Main-9/INFO]: Preparing spawn area: 91%
[00:40:27] [Worker-Main-10/INFO]: Preparing spawn area: 91%
[00:40:28] [Worker-Main-9/INFO]: Preparing spawn area: 91%
[00:40:28] [Worker-Main-9/INFO]: Preparing spawn area: 91%
[00:40:29] [Worker-Main-7/INFO]: Preparing spawn area: 91%
[00:40:29] [Worker-Main-6/INFO]: Preparing spawn area: 92%
[00:40:30] [Worker-Main-10/INFO]: Preparing spawn area: 93%
[00:40:30] [Server thread/INFO]: Preparing spawn area: 93%
[00:40:31] [Worker-Main-6/INFO]: Preparing spawn area: 93%
[00:40:31] [Server thread/INFO]: Preparing spawn area: 97%
[00:40:31] [Server thread/INFO]: Time elapsed: 19117 ms
[00:40:31] [Server thread/INFO]: Done (20.318s)! For help, type "help"
[00:41:22] [Server thread/INFO]: Stopping the server
[00:41:23] [Server thread/INFO]: Stopping server
[00:41:23] [Server thread/INFO]: Saving players
[00:41:23] [Server thread/INFO]: Saving worlds
[00:41:23] [Server thread/INFO]: Saving chunks for level 'ServerLevel[world]'/minecraft:overworld
[00:41:26] [Server thread/INFO]: ThreadedAnvilChunkStorage (world): All chunks are saved
[00:41:26] [Server thread/INFO]: Saving chunks for level 'ServerLevel[world]'/minecraft:the_nether
[00:41:26] [Server thread/INFO]: ThreadedAnvilChunkStorage (DIM-1): All chunks are saved
[00:41:26] [Server thread/INFO]: Saving chunks for level 'ServerLevel[world]'/minecraft:the_end
[00:41:26] [Server thread/INFO]: ThreadedAnvilChunkStorage (DIM1): All chunks are saved
[00:41:26] [Server thread/INFO]: ThreadedAnvilChunkStorage (world): All chunks are saved
[00:41:26] [Server thread/INFO]: ThreadedAnvilChunkStorage (DIM-1): All chunks are saved
[00:41:26] [Server thread/INFO]: ThreadedAnvilChunkStorage (DIM1): All chunks are saved
